{
  "RSpec": {
    "coverage": {
      "/Users/sunnyisrani/Dropbox/apps/stoop/config/environment.rb": [
        null,
        1,
        null,
        null,
        1
      ],
      "/Users/sunnyisrani/Dropbox/apps/stoop/config/application.rb": [
        1,
        null,
        1,
        null,
        null,
        null,
        1,
        null,
        1,
        1,
        null,
        null,
        null,
        null,
        null,
        null,
        null,
        null,
        null,
        null,
        null,
        null,
        null
      ],
      "/Users/sunnyisrani/Dropbox/apps/stoop/config/boot.rb": [
        null,
        1,
        null,
        1
      ],
      "/Users/sunnyisrani/Dropbox/apps/stoop/config/environments/test.rb": [
        1,
        null,
        null,
        null,
        null,
        null,
        null,
        1,
        null,
        null,
        null,
        null,
        1,
        null,
        null,
        1,
        1,
        null,
        null,
        1,
        1,
        null,
        null,
        1,
        null,
        null,
        1,
        null,
        null,
        null,
        null,
        1,
        null,
        null,
        1,
        null
      ],
      "/Users/sunnyisrani/Dropbox/apps/stoop/config/initializers/backtrace_silencers.rb": [
        null,
        null,
        null,
        null,
        null,
        null,
        null
      ],
      "/Users/sunnyisrani/Dropbox/apps/stoop/config/initializers/devise.rb": [
        null,
        null,
        1,
        null,
        null,
        null,
        null,
        null,
        1,
        null,
        null,
        null,
        null,
        null,
        null,
        1,
        null,
        null,
        null,
        null,
        null,
        null,
        null,
        null,
        1,
        null,
        null,
        null,
        null,
        null,
        null,
        null,
        null,
        null,
        null,
        null,
        null,
        null,
        null,
        null,
        null,
        null,
        null,
        null,
        null,
        null,
        1,
        null,
        null,
        null,
        null,
        1,
        null,
        null,
        null,
        null,
        null,
        null,
        null,
        null,
        null,
        null,
        null,
        null,
        null,
        null,
        null,
        null,
        null,
        null,
        null,
        null,
        null,
        null,
        null,
        null,
        null,
        null,
        null,
        null,
        null,
        null,
        1,
        null,
        null,
        null,
        null,
        null,
        null,
        null,
        null,
        null,
        null,
        null,
        null,
        null,
        null,
        null,
        null,
        1,
        null,
        null,
        null,
        null,
        null,
        null,
        null,
        null,
        null,
        null,
        null,
        null,
        null,
        null,
        null,
        null,
        null,
        null,
        null,
        null,
        null,
        null,
        null,
        null,
        1,
        null,
        null,
        null,
        null,
        null,
        null,
        null,
        null,
        null,
        1,
        null,
        null,
        null,
        null,
        null,
        null,
        null,
        null,
        null,
        null,
        1,
        null,
        null,
        null,
        null,
        null,
        null,
        null,
        null,
        null,
        null,
        null,
        null,
        null,
        null,
        null,
        null,
        null,
        null,
        null,
        null,
        null,
        null,
        null,
        null,
        null,
        null,
        null,
        null,
        null,
        null,
        null,
        null,
        null,
        null,
        null,
        null,
        null,
        null,
        null,
        null,
        null,
        null,
        null,
        null,
        null,
        null,
        null,
        null,
        1,
        null,
        null,
        null,
        null,
        null,
        null,
        null,
        null,
        null,
        null,
        null,
        null,
        null,
        null,
        null,
        null,
        null,
        null,
        null,
        null,
        null,
        null,
        null,
        null,
        null,
        null,
        null,
        null,
        null,
        null,
        null,
        null,
        null,
        null,
        null,
        null,
        null,
        null,
        null,
        null,
        null,
        1,
        null,
        null,
        null,
        null,
        null,
        null,
        null,
        null,
        null,
        null,
        null,
        null,
        null,
        null,
        null,
        null,
        null,
        null,
        null,
        null,
        null,
        null,
        null,
        null,
        null,
        null,
        null,
        null,
        null
      ],
      "/Users/sunnyisrani/Dropbox/apps/stoop/config/initializers/filter_parameter_logging.rb": [
        null,
        null,
        null,
        1
      ],
      "/Users/sunnyisrani/Dropbox/apps/stoop/config/initializers/inflections.rb": [
        null,
        null,
        null,
        null,
        null,
        null,
        null,
        null,
        null,
        null,
        null,
        null,
        null,
        null,
        null,
        null
      ],
      "/Users/sunnyisrani/Dropbox/apps/stoop/config/initializers/mime_types.rb": [
        null,
        null,
        null,
        null,
        null
      ],
      "/Users/sunnyisrani/Dropbox/apps/stoop/config/initializers/session_store.rb": [
        null,
        null,
        1
      ],
      "/Users/sunnyisrani/Dropbox/apps/stoop/config/initializers/wrap_parameters.rb": [
        null,
        null,
        null,
        null,
        null,
        null,
        1,
        1,
        null,
        null,
        null,
        null,
        null,
        null
      ],
      "/Users/sunnyisrani/Dropbox/apps/stoop/spec/factories/users.rb": [
        1,
        1,
        null,
        null,
        null,
        null
      ],
      "/Users/sunnyisrani/Dropbox/apps/stoop/config/routes.rb": [
        1,
        null,
        1,
        1,
        null,
        null,
        null,
        null,
        null,
        null,
        null,
        null,
        null,
        null,
        null,
        null,
        null,
        null,
        null,
        null,
        null,
        null,
        null,
        null,
        null,
        null,
        null,
        null,
        null,
        null,
        null,
        null,
        null,
        null,
        null,
        null,
        null,
        null,
        null,
        null,
        null,
        null,
        null,
        null,
        null,
        null,
        null,
        null,
        null,
        null,
        null,
        null,
        null,
        null,
        null,
        null,
        null,
        null,
        null,
        null
      ],
      "/Users/sunnyisrani/Dropbox/apps/stoop/app/models/user.rb": [
        1,
        null,
        null,
        1,
        null,
        null,
        1,
        1,
        null,
        1,
        1,
        1,
        null
      ],
      "/Users/sunnyisrani/Dropbox/apps/stoop/app/helpers/application_helper.rb": [
        1,
        null
      ],
      "/Users/sunnyisrani/Dropbox/apps/stoop/app/models/building.rb": [
        1,
        1,
        1,
        null
      ],
      "/Users/sunnyisrani/Dropbox/apps/stoop/spec/models/comment_spec.rb": [
        1,
        null,
        1,
        2,
        null
      ],
      "/Users/sunnyisrani/Dropbox/apps/stoop/app/models/comment.rb": [
        1,
        null,
        1,
        null,
        1,
        null,
        2,
        null,
        null,
        null,
        null,
        null,
        null,
        1,
        null,
        1,
        1,
        null
      ],
      "/Users/sunnyisrani/Dropbox/apps/stoop/spec/models/follow_spec.rb": [
        1,
        null,
        1,
        null,
        null
      ],
      "/Users/sunnyisrani/Dropbox/apps/stoop/app/models/follow.rb": [
        1,
        null
      ],
      "/Users/sunnyisrani/Dropbox/apps/stoop/spec/models/like_spec.rb": [
        1,
        null,
        1,
        null,
        null
      ],
      "/Users/sunnyisrani/Dropbox/apps/stoop/app/models/like.rb": [
        1,
        null
      ],
      "/Users/sunnyisrani/Dropbox/apps/stoop/spec/models/mention_spec.rb": [
        1,
        null,
        1,
        null,
        null
      ],
      "/Users/sunnyisrani/Dropbox/apps/stoop/app/models/mention.rb": [
        1,
        null
      ],
      "/Users/sunnyisrani/Dropbox/apps/stoop/spec/models/neighborhood_spec.rb": [
        1,
        null,
        1,
        2,
        2,
        null
      ],
      "/Users/sunnyisrani/Dropbox/apps/stoop/app/models/neighborhood.rb": [
        1,
        1,
        1,
        null
      ],
      "/Users/sunnyisrani/Dropbox/apps/stoop/spec/models/post_spec.rb": [
        1,
        null,
        1,
        2,
        2,
        null
      ],
      "/Users/sunnyisrani/Dropbox/apps/stoop/app/models/post.rb": [
        1,
        1,
        1,
        1,
        null,
        1,
        null
      ],
      "/Users/sunnyisrani/Dropbox/apps/stoop/spec/models/user_spec.rb": [
        1,
        null,
        1,
        null,
        null
      ]
    },
    "timestamp": 1437411777
  }
}
